 
****************************************
Report : timing
        -path full
        -delay max
        -max_paths 1
Design : JAM
Version: S-2021.06-SP2
Date   : Tue Aug 30 01:43:57 2022
****************************************

Operating Conditions: slow   Library: slow
Wire Load Model Mode: top

  Startpoint: Cost[1] (input port clocked by CLK)
  Endpoint: sum_reg[9] (rising edge-triggered flip-flop clocked by CLK)
  Path Group: CLK
  Path Type: max

  Des/Clust/Port     Wire Load Model       Library
  ------------------------------------------------
  JAM                tsmc13_wl10           slow

  Point                                    Incr       Path
  -----------------------------------------------------------
  clock CLK (fall edge)                    5.00       5.00
  clock network delay (ideal)              0.50       5.50
  input external delay                     0.00       5.50 f
  Cost[1] (in)                             0.00       5.50 f
  add_227_aco/B[1] (JAM_DW01_add_1)        0.00       5.50 f
  add_227_aco/U1_1/CO (ADDFXL)             0.69       6.19 f
  add_227_aco/U1_2/CO (ADDFXL)             0.53       6.72 f
  add_227_aco/U1_3/CO (ADDFXL)             0.53       7.25 f
  add_227_aco/U1_4/CO (ADDFXL)             0.53       7.78 f
  add_227_aco/U1_5/CO (ADDFX2)             0.40       8.18 f
  add_227_aco/U1_6/CO (ADDFXL)             0.60       8.78 f
  add_227_aco/U3/Y (AND2X2)                0.34       9.12 f
  add_227_aco/U4/Y (AND2X2)                0.22       9.34 f
  add_227_aco/U5/Y (XOR2X1)                0.21       9.55 f
  add_227_aco/SUM[9] (JAM_DW01_add_1)      0.00       9.55 f
  U482/Y (AOI22X1)                         0.30       9.85 r
  U483/Y (NAND2X1)                         0.16      10.01 f
  sum_reg[9]/D (DFFX1)                     0.00      10.01 f
  data arrival time                                  10.01

  clock CLK (rise edge)                   10.00      10.00
  clock network delay (ideal)              0.50      10.50
  clock uncertainty                       -0.10      10.40
  sum_reg[9]/CK (DFFX1)                    0.00      10.40 r
  library setup time                      -0.30      10.10
  data required time                                 10.10
  -----------------------------------------------------------
  data required time                                 10.10
  data arrival time                                 -10.01
  -----------------------------------------------------------
  slack (MET)                                         0.09


1
