 
****************************************
Report : area
Design : JAM
Version: S-2021.06-SP2
Date   : Tue Aug 30 01:43:57 2022
****************************************

Library(s) Used:

    slow (File: /cad/CBDK/CBDK_IC_Contest_v2.5/SynopsysDC/db/slow.db)

Number of ports:                           94
Number of nets:                           765
Number of cells:                          631
Number of combinational cells:            552
Number of sequential cells:                74
Number of macros/black boxes:               0
Number of buf/inv:                        104
Number of references:                      73

Combinational area:               4844.379599
Buf/Inv area:                      641.617196
Noncombinational area:            2247.357573
Macro/Black Box area:                0.000000
Net Interconnect area:           87220.437744

Total cell area:                  7091.737171
Total area:                      94312.174916
1
